# JRE version: OpenJDK Runtime Environment (8.0_112-b06) (build 1.8.0_112-release-b06)
# Java VM: OpenJDK 64-Bit Server VM (25.112-b06 mixed mode windows-amd64 compressed oops)
Heap:
 PSYoungGen      total 349696K, used 45381K [0x00000000e0000000, 0x0000000100000000, 0x0000000100000000)
  eden space 175104K, 11% used [0x00000000e0000000,0x00000000e13c5778,0x00000000eab00000)
  from space 174592K, 14% used [0x00000000f5580000,0x00000000f6e0bf00,0x0000000100000000)
  to   space 174592K, 0% used [0x00000000eab00000,0x00000000eab00000,0x00000000f5580000)
 ParOldGen       total 439296K, used 294091K [0x00000000a0000000, 0x00000000bad00000, 0x00000000e0000000)
  object space 439296K, 66% used [0x00000000a0000000,0x00000000b1f32c48,0x00000000bad00000)
 Metaspace       used 97716K, capacity 103036K, committed 103552K, reserved 1138688K
  class space    used 12323K, capacity 13278K, committed 13440K, reserved 1048576K
GC Heap History (10 events):
Event: 3440.635 GC heap before
{Heap before GC invocations=59 (full 9):
 PSYoungGen      total 395776K, used 395762K [0x00000000e0000000, 0x0000000100000000, 0x0000000100000000)
  eden space 269312K, 100% used [0x00000000e0000000,0x00000000f0700000,0x00000000f0700000)
  from space 126464K, 99% used [0x00000000f0700000,0x00000000f827cbd0,0x00000000f8280000)
  to   space 128512K, 0% used [0x00000000f8280000,0x00000000f8280000,0x0000000100000000)
 ParOldGen       total 439296K, used 252516K [0x00000000a0000000, 0x00000000bad00000, 0x00000000e0000000)
  object space 439296K, 57% used [0x00000000a0000000,0x00000000af6990b0,0x00000000bad00000)
 Metaspace       used 97168K, capacity 102492K, committed 102912K, reserved 1138688K
  class space    used 12292K, capacity 13246K, committed 13312K, reserved 1048576K
Event: 3440.774 GC heap after
Heap after GC invocations=59 (full 9):
 PSYoungGen      total 303616K, used 128489K [0x00000000e0000000, 0x0000000100000000, 0x0000000100000000)
  eden space 175104K, 0% used [0x00000000e0000000,0x00000000e0000000,0x00000000eab00000)
  from space 128512K, 99% used [0x00000000f8280000,0x00000000ffffa6b8,0x0000000100000000)
  to   space 174592K, 0% used [0x00000000eab00000,0x00000000eab00000,0x00000000f5580000)
 ParOldGen       total 439296K, used 382051K [0x00000000a0000000, 0x00000000bad00000, 0x00000000e0000000)
  object space 439296K, 86% used [0x00000000a0000000,0x00000000b7518db0,0x00000000bad00000)
 Metaspace       used 97168K, capacity 102492K, committed 102912K, reserved 1138688K
  class space    used 12292K, capacity 13246K, committed 13312K, reserved 1048576K
}
Event: 3440.774 GC heap before
{Heap before GC invocations=60 (full 10):
 PSYoungGen      total 303616K, used 128489K [0x00000000e0000000, 0x0000000100000000, 0x0000000100000000)
  eden space 175104K, 0% used [0x00000000e0000000,0x00000000e0000000,0x00000000eab00000)
  from space 128512K, 99% used [0x00000000f8280000,0x00000000ffffa6b8,0x0000000100000000)
  to   space 174592K, 0% used [0x00000000eab00000,0x00000000eab00000,0x00000000f5580000)
 ParOldGen       total 439296K, used 382051K [0x00000000a0000000, 0x00000000bad00000, 0x00000000e0000000)
  object space 439296K, 86% used [0x00000000a0000000,0x00000000b7518db0,0x00000000bad00000)
 Metaspace       used 97168K, capacity 102492K, committed 102912K, reserved 1138688K
  class space    used 12292K, capacity 13246K, committed 13312K, reserved 1048576K
Event: 3441.231 GC heap after
Heap after GC invocations=60 (full 10):
 PSYoungGen      total 303616K, used 0K [0x00000000e0000000, 0x0000000100000000, 0x0000000100000000)
  eden space 175104K, 0% used [0x00000000e0000000,0x00000000e0000000,0x00000000eab00000)
  from space 128512K, 0% used [0x00000000f8280000,0x00000000f8280000,0x0000000100000000)
  to   space 174592K, 0% used [0x00000000eab00000,0x00000000eab00000,0x00000000f5580000)
 ParOldGen       total 439296K, used 323015K [0x00000000a0000000, 0x00000000bad00000, 0x00000000e0000000)
  object space 439296K, 73% used [0x00000000a0000000,0x00000000b3b71c08,0x00000000bad00000)
 Metaspace       used 97168K, capacity 102492K, committed 102912K, reserved 1138688K
  class space    used 12292K, capacity 13246K, committed 13312K, reserved 1048576K
}
Event: 3442.023 GC heap before
{Heap before GC invocations=61 (full 11):
 PSYoungGen      total 303616K, used 175104K [0x00000000e0000000, 0x0000000100000000, 0x0000000100000000)
  eden space 175104K, 100% used [0x00000000e0000000,0x00000000eab00000,0x00000000eab00000)
  from space 128512K, 0% used [0x00000000f8280000,0x00000000f8280000,0x0000000100000000)
  to   space 174592K, 0% used [0x00000000eab00000,0x00000000eab00000,0x00000000f5580000)
 ParOldGen       total 439296K, used 323015K [0x00000000a0000000, 0x00000000bad00000, 0x00000000e0000000)
  object space 439296K, 73% used [0x00000000a0000000,0x00000000b3b71c08,0x00000000bad00000)
 Metaspace       used 97168K, capacity 102492K, committed 102912K, reserved 1138688K
  class space    used 12292K, capacity 13246K, committed 13312K, reserved 1048576K
Event: 3442.841 GC heap after
Heap after GC invocations=61 (full 11):
 PSYoungGen      total 303616K, used 0K [0x00000000e0000000, 0x0000000100000000, 0x0000000100000000)
  eden space 175104K, 0% used [0x00000000e0000000,0x00000000e0000000,0x00000000eab00000)
  from space 128512K, 0% used [0x00000000f8280000,0x00000000f8280000,0x0000000100000000)
  to   space 174592K, 0% used [0x00000000eab00000,0x00000000eab00000,0x00000000f5580000)
 ParOldGen       total 439296K, used 262520K [0x00000000a0000000, 0x00000000bad00000, 0x00000000e0000000)
  object space 439296K, 59% used [0x00000000a0000000,0x00000000b005e1b8,0x00000000bad00000)
 Metaspace       used 97168K, capacity 102492K, committed 102912K, reserved 1138688K
  class space    used 12292K, capacity 13246K, committed 13312K, reserved 1048576K
}
Event: 3444.518 GC heap before
{Heap before GC invocations=62 (full 11):
 PSYoungGen      total 303616K, used 175104K [0x00000000e0000000, 0x0000000100000000, 0x0000000100000000)
  eden space 175104K, 100% used [0x00000000e0000000,0x00000000eab00000,0x00000000eab00000)
  from space 128512K, 0% used [0x00000000f8280000,0x00000000f8280000,0x0000000100000000)
  to   space 174592K, 0% used [0x00000000eab00000,0x00000000eab00000,0x00000000f5580000)
 ParOldGen       total 439296K, used 262520K [0x00000000a0000000, 0x00000000bad00000, 0x00000000e0000000)
  object space 439296K, 59% used [0x00000000a0000000,0x00000000b005e1b8,0x00000000bad00000)
 Metaspace       used 97213K, capacity 102556K, committed 102912K, reserved 1138688K
  class space    used 12293K, capacity 13246K, committed 13312K, reserved 1048576K
Event: 3444.555 GC heap after
Heap after GC invocations=62 (full 11):
 PSYoungGen      total 349696K, used 42608K [0x00000000e0000000, 0x0000000100000000, 0x0000000100000000)
  eden space 175104K, 0% used [0x00000000e0000000,0x00000000e0000000,0x00000000eab00000)
  from space 174592K, 24% used [0x00000000eab00000,0x00000000ed49c3e8,0x00000000f5580000)
  to   space 174592K, 0% used [0x00000000f5580000,0x00000000f5580000,0x0000000100000000)
 ParOldGen       total 439296K, used 262520K [0x00000000a0000000, 0x00000000bad00000, 0x00000000e0000000)
  object space 439296K, 59% used [0x00000000a0000000,0x00000000b005e1b8,0x00000000bad00000)
 Metaspace       used 97213K, capacity 102556K, committed 102912K, reserved 1138688K
  class space    used 12293K, capacity 13246K, committed 13312K, reserved 1048576K
}
Event: 3446.107 GC heap before
{Heap before GC invocations=63 (full 11):
 PSYoungGen      total 349696K, used 217712K [0x00000000e0000000, 0x0000000100000000, 0x0000000100000000)
  eden space 175104K, 100% used [0x00000000e0000000,0x00000000eab00000,0x00000000eab00000)
  from space 174592K, 24% used [0x00000000eab00000,0x00000000ed49c3e8,0x00000000f5580000)
  to   space 174592K, 0% used [0x00000000f5580000,0x00000000f5580000,0x0000000100000000)
 ParOldGen       total 439296K, used 262520K [0x00000000a0000000, 0x00000000bad00000, 0x00000000e0000000)
  object space 439296K, 59% used [0x00000000a0000000,0x00000000b005e1b8,0x00000000bad00000)
 Metaspace       used 97402K, capacity 102748K, committed 103168K, reserved 1138688K
  class space    used 12304K, capacity 13246K, committed 13312K, reserved 1048576K
Event: 3446.151 GC heap after
Heap after GC invocations=63 (full 11):
 PSYoungGen      total 349696K, used 25135K [0x00000000e0000000, 0x0000000100000000, 0x0000000100000000)
  eden space 175104K, 0% used [0x00000000e0000000,0x00000000e0000000,0x00000000eab00000)
  from space 174592K, 14% used [0x00000000f5580000,0x00000000f6e0bf00,0x0000000100000000)
  to   space 174592K, 0% used [0x00000000eab00000,0x00000000eab00000,0x00000000f5580000)
 ParOldGen       total 439296K, used 294091K [0x00000000a0000000, 0x00000000bad00000, 0x00000000e0000000)
  object space 439296K, 66% used [0x00000000a0000000,0x00000000b1f32c48,0x00000000bad00000)
 Metaspace       used 97402K, capacity 102748K, committed 103168K, reserved 1138688K
  class space    used 12304K, capacity 13246K, committed 13312K, reserved 1048576K
}

