# JRE version: OpenJDK Runtime Environment (8.0_112-b06) (build 1.8.0_112-release-b06)
# Java VM: OpenJDK 64-Bit Server VM (25.112-b06 mixed mode windows-amd64 compressed oops)
Heap:
 PSYoungGen      total 83456K, used 47239K [0x00000000e0000000, 0x00000000e6d80000, 0x0000000100000000)
  eden space 73216K, 63% used [0x00000000e0000000,0x00000000e2da70f8,0x00000000e4780000)
  from space 10240K, 4% used [0x00000000e5880000,0x00000000e58fab10,0x00000000e6280000)
  to   space 17408K, 0% used [0x00000000e4780000,0x00000000e4780000,0x00000000e5880000)
 ParOldGen       total 106496K, used 66106K [0x00000000a0000000, 0x00000000a6800000, 0x00000000e0000000)
  object space 106496K, 62% used [0x00000000a0000000,0x00000000a408e918,0x00000000a6800000)
 Metaspace       used 64593K, capacity 67482K, committed 67840K, reserved 1107968K
  class space    used 8469K, capacity 9113K, committed 9216K, reserved 1048576K
GC Heap History (10 events):
Event: 487.454 GC heap before
{Heap before GC invocations=38 (full 3):
 PSYoungGen      total 86016K, used 83127K [0x00000000e0000000, 0x00000000e5e80000, 0x0000000100000000)
  eden space 76288K, 100% used [0x00000000e0000000,0x00000000e4a80000,0x00000000e4a80000)
  from space 9728K, 70% used [0x00000000e5500000,0x00000000e5badff8,0x00000000e5e80000)
  to   space 10240K, 0% used [0x00000000e4a80000,0x00000000e4a80000,0x00000000e5480000)
 ParOldGen       total 59904K, used 48376K [0x00000000a0000000, 0x00000000a3a80000, 0x00000000e0000000)
  object space 59904K, 80% used [0x00000000a0000000,0x00000000a2f3e230,0x00000000a3a80000)
 Metaspace       used 57843K, capacity 60350K, committed 60672K, reserved 1101824K
  class space    used 7775K, capacity 8341K, committed 8448K, reserved 1048576K
Event: 487.495 GC heap after
Heap after GC invocations=38 (full 3):
 PSYoungGen      total 86528K, used 3168K [0x00000000e0000000, 0x00000000e6700000, 0x0000000100000000)
  eden space 76288K, 0% used [0x00000000e0000000,0x00000000e0000000,0x00000000e4a80000)
  from space 10240K, 30% used [0x00000000e4a80000,0x00000000e4d98000,0x00000000e5480000)
  to   space 10240K, 0% used [0x00000000e5d00000,0x00000000e5d00000,0x00000000e6700000)
 ParOldGen       total 59904K, used 50556K [0x00000000a0000000, 0x00000000a3a80000, 0x00000000e0000000)
  object space 59904K, 84% used [0x00000000a0000000,0x00000000a315f2d0,0x00000000a3a80000)
 Metaspace       used 57843K, capacity 60350K, committed 60672K, reserved 1101824K
  class space    used 7775K, capacity 8341K, committed 8448K, reserved 1048576K
}
Event: 937.159 GC heap before
{Heap before GC invocations=39 (full 3):
 PSYoungGen      total 86528K, used 79453K [0x00000000e0000000, 0x00000000e6700000, 0x0000000100000000)
  eden space 76288K, 99% used [0x00000000e0000000,0x00000000e4a7f4e8,0x00000000e4a80000)
  from space 10240K, 30% used [0x00000000e4a80000,0x00000000e4d98000,0x00000000e5480000)
  to   space 10240K, 0% used [0x00000000e5d00000,0x00000000e5d00000,0x00000000e6700000)
 ParOldGen       total 59904K, used 50556K [0x00000000a0000000, 0x00000000a3a80000, 0x00000000e0000000)
  object space 59904K, 84% used [0x00000000a0000000,0x00000000a315f2d0,0x00000000a3a80000)
 Metaspace       used 58340K, capacity 60918K, committed 61184K, reserved 1101824K
  class space    used 7817K, capacity 8363K, committed 8448K, reserved 1048576K
Event: 937.250 GC heap after
Heap after GC invocations=39 (full 3):
 PSYoungGen      total 91136K, used 1696K [0x00000000e0000000, 0x00000000e6480000, 0x0000000100000000)
  eden space 83456K, 0% used [0x00000000e0000000,0x00000000e0000000,0x00000000e5180000)
  from space 7680K, 22% used [0x00000000e5d00000,0x00000000e5ea8000,0x00000000e6480000)
  to   space 9728K, 0% used [0x00000000e5180000,0x00000000e5180000,0x00000000e5b00000)
 ParOldGen       total 59904K, used 50564K [0x00000000a0000000, 0x00000000a3a80000, 0x00000000e0000000)
  object space 59904K, 84% used [0x00000000a0000000,0x00000000a31612d0,0x00000000a3a80000)
 Metaspace       used 58340K, capacity 60918K, committed 61184K, reserved 1101824K
  class space    used 7817K, capacity 8363K, committed 8448K, reserved 1048576K
}
Event: 1062.203 GC heap before
{Heap before GC invocations=40 (full 3):
 PSYoungGen      total 91136K, used 85152K [0x00000000e0000000, 0x00000000e6480000, 0x0000000100000000)
  eden space 83456K, 100% used [0x00000000e0000000,0x00000000e5180000,0x00000000e5180000)
  from space 7680K, 22% used [0x00000000e5d00000,0x00000000e5ea8000,0x00000000e6480000)
  to   space 9728K, 0% used [0x00000000e5180000,0x00000000e5180000,0x00000000e5b00000)
 ParOldGen       total 59904K, used 50564K [0x00000000a0000000, 0x00000000a3a80000, 0x00000000e0000000)
  object space 59904K, 84% used [0x00000000a0000000,0x00000000a31612d0,0x00000000a3a80000)
 Metaspace       used 58727K, capacity 61492K, committed 61696K, reserved 1101824K
  class space    used 7839K, capacity 8398K, committed 8448K, reserved 1048576K
Event: 1062.226 GC heap after
Heap after GC invocations=40 (full 3):
 PSYoungGen      total 86528K, used 5792K [0x00000000e0000000, 0x00000000e6280000, 0x0000000100000000)
  eden space 80384K, 0% used [0x00000000e0000000,0x00000000e0000000,0x00000000e4e80000)
  from space 6144K, 94% used [0x00000000e5180000,0x00000000e5728000,0x00000000e5780000)
  to   space 10240K, 0% used [0x00000000e5880000,0x00000000e5880000,0x00000000e6280000)
 ParOldGen       total 59904K, used 50572K [0x00000000a0000000, 0x00000000a3a80000, 0x00000000e0000000)
  object space 59904K, 84% used [0x00000000a0000000,0x00000000a31632d0,0x00000000a3a80000)
 Metaspace       used 58727K, capacity 61492K, committed 61696K, reserved 1101824K
  class space    used 7839K, capacity 8398K, committed 8448K, reserved 1048576K
}
Event: 1073.559 GC heap before
{Heap before GC invocations=41 (full 3):
 PSYoungGen      total 86528K, used 86176K [0x00000000e0000000, 0x00000000e6280000, 0x0000000100000000)
  eden space 80384K, 100% used [0x00000000e0000000,0x00000000e4e80000,0x00000000e4e80000)
  from space 6144K, 94% used [0x00000000e5180000,0x00000000e5728000,0x00000000e5780000)
  to   space 10240K, 0% used [0x00000000e5880000,0x00000000e5880000,0x00000000e6280000)
 ParOldGen       total 59904K, used 50572K [0x00000000a0000000, 0x00000000a3a80000, 0x00000000e0000000)
  object space 59904K, 84% used [0x00000000a0000000,0x00000000a31632d0,0x00000000a3a80000)
 Metaspace       used 63738K, capacity 66592K, committed 66688K, reserved 1107968K
  class space    used 8426K, capacity 9050K, committed 9088K, reserved 1048576K
Event: 1073.623 GC heap after
Heap after GC invocations=41 (full 3):
 PSYoungGen      total 83456K, used 10220K [0x00000000e0000000, 0x00000000e6d80000, 0x0000000100000000)
  eden space 73216K, 0% used [0x00000000e0000000,0x00000000e0000000,0x00000000e4780000)
  from space 10240K, 99% used [0x00000000e5880000,0x00000000e627b0c0,0x00000000e6280000)
  to   space 17408K, 0% used [0x00000000e4780000,0x00000000e4780000,0x00000000e5880000)
 ParOldGen       total 66560K, used 65993K [0x00000000a0000000, 0x00000000a4100000, 0x00000000e0000000)
  object space 66560K, 99% used [0x00000000a0000000,0x00000000a4072598,0x00000000a4100000)
 Metaspace       used 63738K, capacity 66592K, committed 66688K, reserved 1107968K
  class space    used 8426K, capacity 9050K, committed 9088K, reserved 1048576K
}
Event: 1073.641 GC heap before
{Heap before GC invocations=42 (full 4):
 PSYoungGen      total 83456K, used 10220K [0x00000000e0000000, 0x00000000e6d80000, 0x0000000100000000)
  eden space 73216K, 0% used [0x00000000e0000000,0x00000000e0000000,0x00000000e4780000)
  from space 10240K, 99% used [0x00000000e5880000,0x00000000e627b0c0,0x00000000e6280000)
  to   space 17408K, 0% used [0x00000000e4780000,0x00000000e4780000,0x00000000e5880000)
 ParOldGen       total 66560K, used 65993K [0x00000000a0000000, 0x00000000a4100000, 0x00000000e0000000)
  object space 66560K, 99% used [0x00000000a0000000,0x00000000a4072598,0x00000000a4100000)
 Metaspace       used 63738K, capacity 66592K, committed 66688K, reserved 1107968K
  class space    used 8426K, capacity 9050K, committed 9088K, reserved 1048576K
Event: 1074.641 GC heap after
Heap after GC invocations=42 (full 4):
 PSYoungGen      total 83456K, used 490K [0x00000000e0000000, 0x00000000e6d80000, 0x0000000100000000)
  eden space 73216K, 0% used [0x00000000e0000000,0x00000000e0000000,0x00000000e4780000)
  from space 10240K, 4% used [0x00000000e5880000,0x00000000e58fab10,0x00000000e6280000)
  to   space 17408K, 0% used [0x00000000e4780000,0x00000000e4780000,0x00000000e5880000)
 ParOldGen       total 106496K, used 66106K [0x00000000a0000000, 0x00000000a6800000, 0x00000000e0000000)
  object space 106496K, 62% used [0x00000000a0000000,0x00000000a408e918,0x00000000a6800000)
 Metaspace       used 63736K, capacity 66586K, committed 66688K, reserved 1107968K
  class space    used 8425K, capacity 9049K, committed 9088K, reserved 1048576K
}

